{"/Users/drew/Projects/litify/litifyAPI/src/dynamoScanBuilder.js": {"path":"/Users/drew/Projects/litify/litifyAPI/src/dynamoScanBuilder.js","statementMap":{"0":{"start":{"line":2,"column":25},"end":{"line":2,"column":27}},"1":{"start":{"line":4,"column":2},"end":{"line":10,"column":3}},"2":{"start":{"line":5,"column":4},"end":{"line":9,"column":5}},"3":{"start":{"line":6,"column":6},"end":{"line":6,"column":71}},"4":{"start":{"line":8,"column":6},"end":{"line":8,"column":66}},"5":{"start":{"line":12,"column":2},"end":{"line":12,"column":26}},"6":{"start":{"line":16,"column":34},"end":{"line":16,"column":36}},"7":{"start":{"line":18,"column":2},"end":{"line":20,"column":3}},"8":{"start":{"line":19,"column":4},"end":{"line":19,"column":72}},"9":{"start":{"line":22,"column":2},"end":{"line":22,"column":35}},"10":{"start":{"line":25,"column":0},"end":{"line":28,"column":1}}},"fnMap":{"0":{"name":"buildFilterExpression","decl":{"start":{"line":1,"column":9},"end":{"line":1,"column":30}},"loc":{"start":{"line":1,"column":41},"end":{"line":13,"column":1}},"line":1},"1":{"name":"buildExpressionValueObject","decl":{"start":{"line":15,"column":9},"end":{"line":15,"column":35}},"loc":{"start":{"line":15,"column":46},"end":{"line":23,"column":1}},"line":15}},"branchMap":{"0":{"loc":{"start":{"line":5,"column":4},"end":{"line":9,"column":5}},"type":"if","locations":[{"start":{"line":5,"column":4},"end":{"line":9,"column":5}},{"start":{"line":7,"column":11},"end":{"line":9,"column":5}}],"line":5}},"s":{"0":2,"1":2,"2":6,"3":4,"4":2,"5":2,"6":2,"7":2,"8":6,"9":2,"10":2},"f":{"0":2,"1":2},"b":{"0":[4,2]},"_coverageSchema":"1a1c01bbd47fc00a2c39e90264f33305004495a9","hash":"d3d38ed4070670f2e1cc06e36dbb26ff4dacdba4"}
,"/Users/drew/Projects/litify/litifyAPI/src/handler.js": {"path":"/Users/drew/Projects/litify/litifyAPI/src/handler.js","statementMap":{"0":{"start":{"line":1,"column":12},"end":{"line":1,"column":30}},"1":{"start":{"line":2,"column":16},"end":{"line":2,"column":34}},"2":{"start":{"line":4,"column":19},"end":{"line":4,"column":45}},"3":{"start":{"line":5,"column":15},"end":{"line":5,"column":30}},"4":{"start":{"line":6,"column":28},"end":{"line":6,"column":49}},"5":{"start":{"line":7,"column":62},"end":{"line":7,"column":92}},"6":{"start":{"line":9,"column":12},"end":{"line":9,"column":21}},"7":{"start":{"line":11,"column":23},"end":{"line":11,"column":49}},"8":{"start":{"line":12,"column":23},"end":{"line":12,"column":56}},"9":{"start":{"line":14,"column":0},"end":{"line":14,"column":24}},"10":{"start":{"line":16,"column":0},"end":{"line":44,"column":3}},"11":{"start":{"line":17,"column":18},"end":{"line":17,"column":26}},"12":{"start":{"line":18,"column":32},"end":{"line":18,"column":39}},"13":{"start":{"line":20,"column":23},"end":{"line":20,"column":47}},"14":{"start":{"line":21,"column":13},"end":{"line":21,"column":17}},"15":{"start":{"line":23,"column":2},"end":{"line":25,"column":3}},"16":{"start":{"line":24,"column":4},"end":{"line":24,"column":60}},"17":{"start":{"line":27,"column":17},"end":{"line":35,"column":3}},"18":{"start":{"line":37,"column":2},"end":{"line":43,"column":3}},"19":{"start":{"line":38,"column":4},"end":{"line":38,"column":47}},"20":{"start":{"line":39,"column":4},"end":{"line":39,"column":40}},"21":{"start":{"line":41,"column":4},"end":{"line":41,"column":23}},"22":{"start":{"line":42,"column":4},"end":{"line":42,"column":61}},"23":{"start":{"line":46,"column":0},"end":{"line":80,"column":3}},"24":{"start":{"line":47,"column":18},"end":{"line":47,"column":32}},"25":{"start":{"line":48,"column":20},"end":{"line":48,"column":38}},"26":{"start":{"line":49,"column":18},"end":{"line":49,"column":20}},"27":{"start":{"line":51,"column":2},"end":{"line":53,"column":3}},"28":{"start":{"line":52,"column":4},"end":{"line":52,"column":24}},"29":{"start":{"line":55,"column":25},"end":{"line":55,"column":57}},"30":{"start":{"line":56,"column":34},"end":{"line":56,"column":71}},"31":{"start":{"line":58,"column":17},"end":{"line":62,"column":3}},"32":{"start":{"line":64,"column":2},"end":{"line":79,"column":3}},"33":{"start":{"line":65,"column":22},"end":{"line":65,"column":65}},"34":{"start":{"line":66,"column":18},"end":{"line":66,"column":36}},"35":{"start":{"line":67,"column":4},"end":{"line":67,"column":23}},"36":{"start":{"line":69,"column":4},"end":{"line":73,"column":5}},"37":{"start":{"line":70,"column":6},"end":{"line":72,"column":7}},"38":{"start":{"line":71,"column":8},"end":{"line":71,"column":39}},"39":{"start":{"line":75,"column":4},"end":{"line":75,"column":34}},"40":{"start":{"line":77,"column":4},"end":{"line":77,"column":23}},"41":{"start":{"line":78,"column":4},"end":{"line":78,"column":67}},"42":{"start":{"line":82,"column":0},"end":{"line":110,"column":3}},"43":{"start":{"line":83,"column":17},"end":{"line":88,"column":3}},"44":{"start":{"line":90,"column":2},"end":{"line":109,"column":3}},"45":{"start":{"line":91,"column":21},"end":{"line":91,"column":63}},"46":{"start":{"line":92,"column":4},"end":{"line":105,"column":5}},"47":{"start":{"line":93,"column":22},"end":{"line":98,"column":7}},"48":{"start":{"line":100,"column":6},"end":{"line":100,"column":36}},"49":{"start":{"line":102,"column":6},"end":{"line":104,"column":102}},"50":{"start":{"line":107,"column":4},"end":{"line":107,"column":23}},"51":{"start":{"line":108,"column":4},"end":{"line":108,"column":66}},"52":{"start":{"line":114,"column":0},"end":{"line":118,"column":3}},"53":{"start":{"line":115,"column":2},"end":{"line":117,"column":5}},"54":{"start":{"line":121,"column":0},"end":{"line":124,"column":1}}},"fnMap":{"0":{"name":"(anonymous_0)","decl":{"start":{"line":16,"column":22},"end":{"line":16,"column":23}},"loc":{"start":{"line":16,"column":48},"end":{"line":44,"column":1}},"line":16},"1":{"name":"(anonymous_1)","decl":{"start":{"line":46,"column":28},"end":{"line":46,"column":29}},"loc":{"start":{"line":46,"column":54},"end":{"line":80,"column":1}},"line":46},"2":{"name":"(anonymous_2)","decl":{"start":{"line":82,"column":32},"end":{"line":82,"column":33}},"loc":{"start":{"line":82,"column":58},"end":{"line":110,"column":1}},"line":82},"3":{"name":"(anonymous_3)","decl":{"start":{"line":114,"column":8},"end":{"line":114,"column":9}},"loc":{"start":{"line":114,"column":28},"end":{"line":118,"column":1}},"line":114}},"branchMap":{"0":{"loc":{"start":{"line":23,"column":2},"end":{"line":25,"column":3}},"type":"if","locations":[{"start":{"line":23,"column":2},"end":{"line":25,"column":3}},{"start":{},"end":{}}],"line":23},"1":{"loc":{"start":{"line":69,"column":4},"end":{"line":73,"column":5}},"type":"if","locations":[{"start":{"line":69,"column":4},"end":{"line":73,"column":5}},{"start":{},"end":{}}],"line":69},"2":{"loc":{"start":{"line":92,"column":4},"end":{"line":105,"column":5}},"type":"if","locations":[{"start":{"line":92,"column":4},"end":{"line":105,"column":5}},{"start":{"line":101,"column":11},"end":{"line":105,"column":5}}],"line":92}},"s":{"0":1,"1":1,"2":1,"3":1,"4":1,"5":1,"6":1,"7":1,"8":1,"9":1,"10":1,"11":0,"12":0,"13":0,"14":0,"15":0,"16":0,"17":0,"18":0,"19":0,"20":0,"21":0,"22":0,"23":1,"24":0,"25":0,"26":0,"27":0,"28":0,"29":0,"30":0,"31":0,"32":0,"33":0,"34":0,"35":0,"36":0,"37":0,"38":0,"39":0,"40":0,"41":0,"42":1,"43":0,"44":0,"45":0,"46":0,"47":0,"48":0,"49":0,"50":0,"51":0,"52":1,"53":0,"54":1},"f":{"0":0,"1":0,"2":0,"3":0},"b":{"0":[0,0],"1":[0,0],"2":[0,0]},"_coverageSchema":"1a1c01bbd47fc00a2c39e90264f33305004495a9","hash":"ff1fdd84838c2493badbbcba8e15f7a6547df84c"}
,"/Users/drew/Projects/litify/litifyAPI/src/validate.js": {"path":"/Users/drew/Projects/litify/litifyAPI/src/validate.js","statementMap":{"0":{"start":{"line":2,"column":2},"end":{"line":6,"column":3}},"1":{"start":{"line":3,"column":4},"end":{"line":3,"column":17}},"2":{"start":{"line":5,"column":4},"end":{"line":5,"column":16}},"3":{"start":{"line":10,"column":2},"end":{"line":14,"column":3}},"4":{"start":{"line":11,"column":4},"end":{"line":11,"column":17}},"5":{"start":{"line":13,"column":4},"end":{"line":13,"column":16}},"6":{"start":{"line":18,"column":2},"end":{"line":20,"column":3}},"7":{"start":{"line":19,"column":4},"end":{"line":19,"column":17}},"8":{"start":{"line":22,"column":2},"end":{"line":24,"column":3}},"9":{"start":{"line":23,"column":4},"end":{"line":23,"column":16}},"10":{"start":{"line":28,"column":20},"end":{"line":28,"column":52}},"11":{"start":{"line":29,"column":21},"end":{"line":29,"column":57}},"12":{"start":{"line":30,"column":20},"end":{"line":30,"column":41}},"13":{"start":{"line":32,"column":2},"end":{"line":36,"column":3}},"14":{"start":{"line":33,"column":4},"end":{"line":33,"column":17}},"15":{"start":{"line":35,"column":4},"end":{"line":35,"column":16}},"16":{"start":{"line":39,"column":0},"end":{"line":44,"column":2}}},"fnMap":{"0":{"name":"validateNameLength","decl":{"start":{"line":1,"column":9},"end":{"line":1,"column":27}},"loc":{"start":{"line":1,"column":34},"end":{"line":7,"column":1}},"line":1},"1":{"name":"validatePositivePrice","decl":{"start":{"line":9,"column":9},"end":{"line":9,"column":30}},"loc":{"start":{"line":9,"column":38},"end":{"line":15,"column":1}},"line":9},"2":{"name":"validateTags","decl":{"start":{"line":17,"column":9},"end":{"line":17,"column":21}},"loc":{"start":{"line":17,"column":31},"end":{"line":25,"column":1}},"line":17},"3":{"name":"validateProduct","decl":{"start":{"line":27,"column":9},"end":{"line":27,"column":24}},"loc":{"start":{"line":27,"column":34},"end":{"line":37,"column":1}},"line":27}},"branchMap":{"0":{"loc":{"start":{"line":2,"column":2},"end":{"line":6,"column":3}},"type":"if","locations":[{"start":{"line":2,"column":2},"end":{"line":6,"column":3}},{"start":{"line":4,"column":9},"end":{"line":6,"column":3}}],"line":2},"1":{"loc":{"start":{"line":2,"column":6},"end":{"line":2,"column":43}},"type":"binary-expr","locations":[{"start":{"line":2,"column":6},"end":{"line":2,"column":22}},{"start":{"line":2,"column":26},"end":{"line":2,"column":43}}],"line":2},"2":{"loc":{"start":{"line":10,"column":2},"end":{"line":14,"column":3}},"type":"if","locations":[{"start":{"line":10,"column":2},"end":{"line":14,"column":3}},{"start":{"line":12,"column":9},"end":{"line":14,"column":3}}],"line":10},"3":{"loc":{"start":{"line":18,"column":2},"end":{"line":20,"column":3}},"type":"if","locations":[{"start":{"line":18,"column":2},"end":{"line":20,"column":3}},{"start":{},"end":{}}],"line":18},"4":{"loc":{"start":{"line":22,"column":2},"end":{"line":24,"column":3}},"type":"if","locations":[{"start":{"line":22,"column":2},"end":{"line":24,"column":3}},{"start":{},"end":{}}],"line":22},"5":{"loc":{"start":{"line":32,"column":2},"end":{"line":36,"column":3}},"type":"if","locations":[{"start":{"line":32,"column":2},"end":{"line":36,"column":3}},{"start":{"line":34,"column":9},"end":{"line":36,"column":3}}],"line":32},"6":{"loc":{"start":{"line":32,"column":6},"end":{"line":32,"column":45}},"type":"binary-expr","locations":[{"start":{"line":32,"column":6},"end":{"line":32,"column":16}},{"start":{"line":32,"column":20},"end":{"line":32,"column":31}},{"start":{"line":32,"column":35},"end":{"line":32,"column":45}}],"line":32}},"s":{"0":7,"1":3,"2":4,"3":7,"4":2,"5":5,"6":7,"7":2,"8":5,"9":5,"10":4,"11":4,"12":4,"13":4,"14":3,"15":1,"16":2},"f":{"0":7,"1":7,"2":7,"3":4},"b":{"0":[3,4],"1":[7,5],"2":[2,5],"3":[2,5],"4":[5,0],"5":[3,1],"6":[4,3,2]},"_coverageSchema":"1a1c01bbd47fc00a2c39e90264f33305004495a9","hash":"341e7c29b9a8b19670b0559efbde3929499fd5c6"}
}
