TN:
SF:src/dynamoScanBuilder.js
FN:1,buildFilterExpression
FN:15,buildExpressionValueObject
FNF:2
FNH:2
FNDA:2,buildFilterExpression
FNDA:2,buildExpressionValueObject
DA:2,2
DA:4,2
DA:5,6
DA:6,4
DA:8,2
DA:12,2
DA:16,2
DA:18,2
DA:19,6
DA:22,2
DA:25,2
LF:11
LH:11
BRDA:5,0,0,4
BRDA:5,0,1,2
BRF:2
BRH:2
end_of_record
TN:
SF:src/handler.js
FN:16,(anonymous_0)
FN:46,(anonymous_1)
FN:82,(anonymous_2)
FN:114,(anonymous_3)
FNF:4
FNH:0
FNDA:0,(anonymous_0)
FNDA:0,(anonymous_1)
FNDA:0,(anonymous_2)
FNDA:0,(anonymous_3)
DA:1,1
DA:2,1
DA:4,1
DA:5,1
DA:6,1
DA:7,1
DA:9,1
DA:11,1
DA:12,1
DA:14,1
DA:16,1
DA:17,0
DA:18,0
DA:20,0
DA:21,0
DA:23,0
DA:24,0
DA:27,0
DA:37,0
DA:38,0
DA:39,0
DA:41,0
DA:42,0
DA:46,1
DA:47,0
DA:48,0
DA:49,0
DA:51,0
DA:52,0
DA:55,0
DA:56,0
DA:58,0
DA:64,0
DA:65,0
DA:66,0
DA:67,0
DA:69,0
DA:70,0
DA:71,0
DA:75,0
DA:77,0
DA:78,0
DA:82,1
DA:83,0
DA:90,0
DA:91,0
DA:92,0
DA:93,0
DA:100,0
DA:102,0
DA:107,0
DA:108,0
DA:114,1
DA:115,0
DA:121,1
LF:55
LH:15
BRDA:23,0,0,0
BRDA:23,0,1,0
BRDA:69,1,0,0
BRDA:69,1,1,0
BRDA:92,2,0,0
BRDA:92,2,1,0
BRF:6
BRH:0
end_of_record
TN:
SF:src/validate.js
FN:1,validateNameLength
FN:9,validatePositivePrice
FN:17,validateTags
FN:27,validateProduct
FNF:4
FNH:4
FNDA:7,validateNameLength
FNDA:7,validatePositivePrice
FNDA:7,validateTags
FNDA:4,validateProduct
DA:2,7
DA:3,3
DA:5,4
DA:10,7
DA:11,2
DA:13,5
DA:18,7
DA:19,2
DA:22,5
DA:23,5
DA:28,4
DA:29,4
DA:30,4
DA:32,4
DA:33,3
DA:35,1
DA:39,2
LF:17
LH:17
BRDA:2,0,0,3
BRDA:2,0,1,4
BRDA:2,1,0,7
BRDA:2,1,1,5
BRDA:10,2,0,2
BRDA:10,2,1,5
BRDA:18,3,0,2
BRDA:18,3,1,5
BRDA:22,4,0,5
BRDA:22,4,1,0
BRDA:32,5,0,3
BRDA:32,5,1,1
BRDA:32,6,0,4
BRDA:32,6,1,3
BRDA:32,6,2,2
BRF:15
BRH:14
end_of_record
